Using pip 25.3 from /home/hc-5090/miniconda3/envs/orion/lib/python3.10/site-packages/pip (python 3.10)
Obtaining file:///home/hc-5090/hc/code/Orion
  Installing build dependencies: started
  Running command installing build dependencies
  Using pip 25.3 from /home/hc-5090/miniconda3/envs/orion/lib/python3.10/site-packages/pip (python 3.10)
  Collecting setuptools>=40.8.0
    Obtaining dependency information for setuptools>=40.8.0 from https://files.pythonhosted.org/packages/a3/dc/17031897dae0efacfea57dfd3a82fdd2a2aeb58e0ff71b77b87e44edc772/setuptools-80.9.0-py3-none-any.whl.metadata
    Using cached setuptools-80.9.0-py3-none-any.whl.metadata (6.6 kB)
  Using cached setuptools-80.9.0-py3-none-any.whl (1.2 MB)
  Installing collected packages: setuptools
  Successfully installed setuptools-80.9.0
  Installing build dependencies: finished with status 'done'
  Checking if build backend supports build_editable: started
  Running command Checking if build backend supports build_editable
  Checking if build backend supports build_editable: finished with status 'done'
  Getting requirements to build editable: started
  Running command Getting requirements to build editable
  Traceback (most recent call last):
    File "/home/hc-5090/miniconda3/envs/orion/lib/python3.10/site-packages/pip/_vendor/pyproject_hooks/_in_process/_in_process.py", line 389, in <module>
      main()
    File "/home/hc-5090/miniconda3/envs/orion/lib/python3.10/site-packages/pip/_vendor/pyproject_hooks/_in_process/_in_process.py", line 373, in main
      json_out["return_val"] = hook(**hook_input["kwargs"])
    File "/home/hc-5090/miniconda3/envs/orion/lib/python3.10/site-packages/pip/_vendor/pyproject_hooks/_in_process/_in_process.py", line 157, in get_requires_for_build_editable
      return hook(config_settings)
    File "/tmp/pip-build-env-drsekf2l/overlay/lib/python3.10/site-packages/setuptools/build_meta.py", line 473, in get_requires_for_build_editable
      return self.get_requires_for_build_wheel(config_settings)
    File "/tmp/pip-build-env-drsekf2l/overlay/lib/python3.10/site-packages/setuptools/build_meta.py", line 331, in get_requires_for_build_wheel
      return self._get_build_requires(config_settings, requirements=[])
    File "/tmp/pip-build-env-drsekf2l/overlay/lib/python3.10/site-packages/setuptools/build_meta.py", line 301, in _get_build_requires
      self.run_setup()
    File "/tmp/pip-build-env-drsekf2l/overlay/lib/python3.10/site-packages/setuptools/build_meta.py", line 512, in run_setup
      super().run_setup(setup_script=setup_script)
    File "/tmp/pip-build-env-drsekf2l/overlay/lib/python3.10/site-packages/setuptools/build_meta.py", line 317, in run_setup
      exec(code, locals())
    File "<string>", line 7, in <module>
  ModuleNotFoundError: No module named 'torch'
  error: subprocess-exited-with-error
  
  × Getting requirements to build editable did not run successfully.
  │ exit code: 1
  ╰─> No available output.
  
  note: This error originates from a subprocess, and is likely not a problem with pip.
  full command: /home/hc-5090/miniconda3/envs/orion/bin/python3.10 /home/hc-5090/miniconda3/envs/orion/lib/python3.10/site-packages/pip/_vendor/pyproject_hooks/_in_process/_in_process.py get_requires_for_build_editable /tmp/tmpjx6dz5yz
  cwd: /home/hc-5090/hc/code/Orion
  Getting requirements to build editable: finished with status 'error'
ERROR: Failed to build 'file:///home/hc-5090/hc/code/Orion' when getting requirements to build editable
